<?xml version="1.0" encoding="UTF-8"?>
<!-- Generated by org.testng.reporters.JUnitReportReporter -->
<testsuite skipped="0" hostname="Venkat" name="ExtentReports_Handling.ReportTest" tests="1" failures="0" timestamp="01 May 2017 07:09:44 GMT" time="12.260" errors="0">
  <testcase name="login_test" time="12.260" classname="ExtentReports_Handling.ReportTest"/>
</testsuite> <!-- ExtentReports_Handling.ReportTest -->
