<?xml version="1.0" encoding="UTF-8"?>
<!-- Generated by org.testng.reporters.JUnitReportReporter -->
<testsuite skipped="0" hostname="Venkat" name="GridSelenium.NewTest1" tests="3" failures="0" timestamp="13 May 2017 17:05:58 GMT" time="58.518" errors="0">
  <testcase name="f" time="24.980" classname="GridSelenium.NewTest1"/>
  <testcase name="f" time="12.845" classname="GridSelenium.NewTest1"/>
  <testcase name="f" time="20.693" classname="GridSelenium.NewTest1"/>
</testsuite> <!-- GridSelenium.NewTest1 -->
