<?xml version="1.0" encoding="UTF-8"?>
<!-- Generated by org.testng.reporters.JUnitReportReporter -->
<testsuite skipped="0" hostname="Venkat" name="TestNGCommands_Handel.Testng2" tests="2" failures="0" timestamp="13 Apr 2017 17:57:20 GMT" time="0.016" errors="0">
  <testcase name="test1" time="0.015" classname="TestNGCommands_Handel.Testng2"/>
  <testcase name="test2" time="0.001" classname="TestNGCommands_Handel.Testng2"/>
</testsuite> <!-- TestNGCommands_Handel.Testng2 -->
