<?xml version="1.0" encoding="UTF-8"?>
<!-- Generated by org.testng.reporters.JUnitReportReporter -->
<testsuite skipped="0" hostname="Venkat" name="PageObjectModel_PageFactory.Login_Test" tests="1" failures="0" timestamp="22 May 2017 17:17:55 GMT" time="6.760" errors="0">
  <testcase name="doLogin" time="6.760" classname="PageObjectModel_PageFactory.Login_Test"/>
</testsuite> <!-- PageObjectModel_PageFactory.Login_Test -->
