<?xml version="1.0" encoding="UTF-8"?>
<!-- Generated by org.testng.reporters.JUnitReportReporter -->
<testsuite skipped="0" hostname="Venkat" name="TestNGCommands_Handel.testName_Test" tests="1" failures="0" timestamp="23 May 2017 16:54:51 GMT" time="0.075" errors="0">
  <testcase name="f" time="0.075" classname="TestNGCommands_Handel.testName_Test"/>
</testsuite> <!-- TestNGCommands_Handel.testName_Test -->
