<?xml version="1.0" encoding="UTF-8"?>
<!-- Generated by org.testng.reporters.JUnitReportReporter -->
<testsuite skipped="0" hostname="Venkat" name="WebDriver_Instance.keywords_class" tests="1" failures="0" timestamp="14 Apr 2017 13:15:06 GMT" time="4.546" errors="0">
  <testcase name="navigateURl" time="4.546" classname="WebDriver_Instance.keywords_class"/>
</testsuite> <!-- WebDriver_Instance.keywords_class -->
